Determining if the pthread_create exist failed with the following output:
Change Dir: /home/sal/Repos/fluffy-guacamole/catkin/build/CMakeFiles/CMakeTmp

Run Build Command:/usr/bin/make "cmTryCompileExec1715416168/fast"
/usr/bin/make -f CMakeFiles/cmTryCompileExec1715416168.dir/build.make CMakeFiles/cmTryCompileExec1715416168.dir/build
make[1]: Entering directory `/home/sal/Repos/fluffy-guacamole/catkin/build/CMakeFiles/CMakeTmp'
/usr/bin/cmake -E cmake_progress_report /home/sal/Repos/fluffy-guacamole/catkin/build/CMakeFiles/CMakeTmp/CMakeFiles 1
Building C object CMakeFiles/cmTryCompileExec1715416168.dir/CheckSymbolExists.c.o
/usr/bin/cc    -o CMakeFiles/cmTryCompileExec1715416168.dir/CheckSymbolExists.c.o   -c /home/sal/Repos/fluffy-guacamole/catkin/build/CMakeFiles/CMakeTmp/CheckSymbolExists.c
Linking C executable cmTryCompileExec1715416168
/usr/bin/cmake -E cmake_link_script CMakeFiles/cmTryCompileExec1715416168.dir/link.txt --verbose=1
/usr/bin/cc       CMakeFiles/cmTryCompileExec1715416168.dir/CheckSymbolExists.c.o  -o cmTryCompileExec1715416168 -rdynamic 
CMakeFiles/cmTryCompileExec1715416168.dir/CheckSymbolExists.c.o: In function `main':
CheckSymbolExists.c:(.text+0x16): undefined reference to `pthread_create'
collect2: error: ld returned 1 exit status
make[1]: Leaving directory `/home/sal/Repos/fluffy-guacamole/catkin/build/CMakeFiles/CMakeTmp'
make[1]: *** [cmTryCompileExec1715416168] Error 1
make: *** [cmTryCompileExec1715416168/fast] Error 2

File /home/sal/Repos/fluffy-guacamole/catkin/build/CMakeFiles/CMakeTmp/CheckSymbolExists.c:
/* */
#include <pthread.h>

int main(int argc, char** argv)
{
  (void)argv;
#ifndef pthread_create
  return ((int*)(&pthread_create))[argc];
#else
  (void)argc;
  return 0;
#endif
}

Determining if the function pthread_create exists in the pthreads failed with the following output:
Change Dir: /home/sal/Repos/fluffy-guacamole/catkin/build/CMakeFiles/CMakeTmp

Run Build Command:/usr/bin/make "cmTryCompileExec1650052985/fast"
/usr/bin/make -f CMakeFiles/cmTryCompileExec1650052985.dir/build.make CMakeFiles/cmTryCompileExec1650052985.dir/build
make[1]: Entering directory `/home/sal/Repos/fluffy-guacamole/catkin/build/CMakeFiles/CMakeTmp'
/usr/bin/cmake -E cmake_progress_report /home/sal/Repos/fluffy-guacamole/catkin/build/CMakeFiles/CMakeTmp/CMakeFiles 1
Building C object CMakeFiles/cmTryCompileExec1650052985.dir/CheckFunctionExists.c.o
/usr/bin/cc   -DCHECK_FUNCTION_EXISTS=pthread_create   -o CMakeFiles/cmTryCompileExec1650052985.dir/CheckFunctionExists.c.o   -c /usr/share/cmake-2.8/Modules/CheckFunctionExists.c
Linking C executable cmTryCompileExec1650052985
/usr/bin/cmake -E cmake_link_script CMakeFiles/cmTryCompileExec1650052985.dir/link.txt --verbose=1
/usr/bin/cc   -DCHECK_FUNCTION_EXISTS=pthread_create    CMakeFiles/cmTryCompileExec1650052985.dir/CheckFunctionExists.c.o  -o cmTryCompileExec1650052985 -rdynamic -lpthreads 
/usr/bin/ld: cannot find -lpthreads
collect2: error: ld returned 1 exit status
make[1]: Leaving directory `/home/sal/Repos/fluffy-guacamole/catkin/build/CMakeFiles/CMakeTmp'
make[1]: *** [cmTryCompileExec1650052985] Error 1
make: *** [cmTryCompileExec1650052985/fast] Error 2


